# JRE version: Java(TM) SE Runtime Environment (7.0_79-b15) (build 1.7.0_79-b15)
# Java VM: Java HotSpot(TM) 64-Bit Server VM (24.79-b02 mixed mode linux-amd64 compressed oops)
Heap
 PSYoungGen      total 447488K, used 397943K [0x00000007e0000000, 0x0000000800000000, 0x0000000800000000)
  eden space 370688K, 96% used [0x00000007e0000000,0x00000007f5bbc8f0,0x00000007f6a00000)
  from space 76800K, 54% used [0x00000007f6a00000,0x00000007f92e13f0,0x00000007fb500000)
  to   space 74752K, 0% used [0x00000007fb700000,0x00000007fb700000,0x0000000800000000)
 ParOldGen       total 848896K, used 688979K [0x00000007a0000000, 0x00000007d3d00000, 0x00000007e0000000)
  object space 848896K, 81% used [0x00000007a0000000,0x00000007ca0d4c60,0x00000007d3d00000)
 PSPermGen       total 429056K, used 228315K [0x0000000760000000, 0x000000077a300000, 0x00000007a0000000)
  object space 429056K, 53% used [0x0000000760000000,0x000000076def6f50,0x000000077a300000)
GC Heap History (10 events):
Event: 64.423 GC heap before
{Heap before GC invocations=40 (full 3):
 PSYoungGen      total 456704K, used 456683K [0x00000007e0000000, 0x0000000800000000, 0x0000000800000000)
  eden space 403456K, 100% used [0x00000007e0000000,0x00000007f8a00000,0x00000007f8a00000)
  from space 53248K, 99% used [0x00000007fcc00000,0x00000007ffffadb0,0x0000000800000000)
  to   space 60416K, 0% used [0x00000007f8a00000,0x00000007f8a00000,0x00000007fc500000)
 ParOldGen       total 848896K, used 574014K [0x00000007a0000000, 0x00000007d3d00000, 0x00000007e0000000)
  object space 848896K, 67% used [0x00000007a0000000,0x00000007c308faf8,0x00000007d3d00000)
 PSPermGen       total 429056K, used 216043K [0x0000000760000000, 0x000000077a300000, 0x00000007a0000000)
  object space 429056K, 50% used [0x0000000760000000,0x000000076d2fad90,0x000000077a300000)
Event: 64.508 GC heap after
Heap after GC invocations=40 (full 3):
 PSYoungGen      total 463872K, used 27654K [0x00000007e0000000, 0x0000000800000000, 0x0000000800000000)
  eden space 403456K, 0% used [0x00000007e0000000,0x00000007e0000000,0x00000007f8a00000)
  from space 60416K, 45% used [0x00000007f8a00000,0x00000007fa501958,0x00000007fc500000)
  to   space 58368K, 0% used [0x00000007fc700000,0x00000007fc700000,0x0000000800000000)
 ParOldGen       total 848896K, used 627319K [0x00000007a0000000, 0x00000007d3d00000, 0x00000007e0000000)
  object space 848896K, 73% used [0x00000007a0000000,0x00000007c649dcb0,0x00000007d3d00000)
 PSPermGen       total 429056K, used 216043K [0x0000000760000000, 0x000000077a300000, 0x00000007a0000000)
  object space 429056K, 50% used [0x0000000760000000,0x000000076d2fad90,0x000000077a300000)
}
Event: 64.999 GC heap before
{Heap before GC invocations=41 (full 3):
 PSYoungGen      total 463872K, used 431110K [0x00000007e0000000, 0x0000000800000000, 0x0000000800000000)
  eden space 403456K, 100% used [0x00000007e0000000,0x00000007f8a00000,0x00000007f8a00000)
  from space 60416K, 45% used [0x00000007f8a00000,0x00000007fa501958,0x00000007fc500000)
  to   space 58368K, 0% used [0x00000007fc700000,0x00000007fc700000,0x0000000800000000)
 ParOldGen       total 848896K, used 627319K [0x00000007a0000000, 0x00000007d3d00000, 0x00000007e0000000)
  object space 848896K, 73% used [0x00000007a0000000,0x00000007c649dcb0,0x00000007d3d00000)
 PSPermGen       total 429056K, used 216065K [0x0000000760000000, 0x000000077a300000, 0x00000007a0000000)
  object space 429056K, 50% used [0x0000000760000000,0x000000076d300568,0x000000077a300000)
Event: 65.053 GC heap after
Heap after GC invocations=41 (full 3):
 PSYoungGen      total 453632K, used 54979K [0x00000007e0000000, 0x0000000800000000, 0x0000000800000000)
  eden space 395264K, 0% used [0x00000007e0000000,0x00000007e0000000,0x00000007f8200000)
  from space 58368K, 94% used [0x00000007fc700000,0x00000007ffcb0db8,0x0000000800000000)
  to   space 64512K, 0% used [0x00000007f8200000,0x00000007f8200000,0x00000007fc100000)
 ParOldGen       total 848896K, used 627319K [0x00000007a0000000, 0x00000007d3d00000, 0x00000007e0000000)
  object space 848896K, 73% used [0x00000007a0000000,0x00000007c649dcb0,0x00000007d3d00000)
 PSPermGen       total 429056K, used 216065K [0x0000000760000000, 0x000000077a300000, 0x00000007a0000000)
  object space 429056K, 50% used [0x0000000760000000,0x000000076d300568,0x000000077a300000)
}
Event: 75.716 GC heap before
{Heap before GC invocations=42 (full 3):
 PSYoungGen      total 453632K, used 450243K [0x00000007e0000000, 0x0000000800000000, 0x0000000800000000)
  eden space 395264K, 100% used [0x00000007e0000000,0x00000007f8200000,0x00000007f8200000)
  from space 58368K, 94% used [0x00000007fc700000,0x00000007ffcb0db8,0x0000000800000000)
  to   space 64512K, 0% used [0x00000007f8200000,0x00000007f8200000,0x00000007fc100000)
 ParOldGen       total 848896K, used 627319K [0x00000007a0000000, 0x00000007d3d00000, 0x00000007e0000000)
  object space 848896K, 73% used [0x00000007a0000000,0x00000007c649dcb0,0x00000007d3d00000)
 PSPermGen       total 429056K, used 217980K [0x0000000760000000, 0x000000077a300000, 0x00000007a0000000)
  object space 429056K, 50% used [0x0000000760000000,0x000000076d4df378,0x000000077a300000)
Event: 75.793 GC heap after
Heap after GC invocations=42 (full 3):
 PSYoungGen      total 459776K, used 64484K [0x00000007e0000000, 0x0000000800000000, 0x0000000800000000)
  eden space 395264K, 0% used [0x00000007e0000000,0x00000007e0000000,0x00000007f8200000)
  from space 64512K, 99% used [0x00000007f8200000,0x00000007fc0f9378,0x00000007fc100000)
  to   space 64512K, 0% used [0x00000007fc100000,0x00000007fc100000,0x0000000800000000)
 ParOldGen       total 848896K, used 640569K [0x00000007a0000000, 0x00000007d3d00000, 0x00000007e0000000)
  object space 848896K, 75% used [0x00000007a0000000,0x00000007c718e7f8,0x00000007d3d00000)
 PSPermGen       total 429056K, used 217980K [0x0000000760000000, 0x000000077a300000, 0x00000007a0000000)
  object space 429056K, 50% used [0x0000000760000000,0x000000076d4df378,0x000000077a300000)
}
Event: 83.290 GC heap before
{Heap before GC invocations=43 (full 3):
 PSYoungGen      total 459776K, used 459748K [0x00000007e0000000, 0x0000000800000000, 0x0000000800000000)
  eden space 395264K, 100% used [0x00000007e0000000,0x00000007f8200000,0x00000007f8200000)
  from space 64512K, 99% used [0x00000007f8200000,0x00000007fc0f9378,0x00000007fc100000)
  to   space 64512K, 0% used [0x00000007fc100000,0x00000007fc100000,0x0000000800000000)
 ParOldGen       total 848896K, used 640569K [0x00000007a0000000, 0x00000007d3d00000, 0x00000007e0000000)
  object space 848896K, 75% used [0x00000007a0000000,0x00000007c718e7f8,0x00000007d3d00000)
 PSPermGen       total 429056K, used 220151K [0x0000000760000000, 0x000000077a300000, 0x00000007a0000000)
  object space 429056K, 51% used [0x0000000760000000,0x000000076d6fddd0,0x000000077a300000)
Event: 83.372 GC heap after
Heap after GC invocations=43 (full 3):
 PSYoungGen      total 435200K, used 21095K [0x00000007e0000000, 0x0000000800000000, 0x0000000800000000)
  eden space 370688K, 0% used [0x00000007e0000000,0x00000007e0000000,0x00000007f6a00000)
  from space 64512K, 32% used [0x00000007fc100000,0x00000007fd599cd0,0x0000000800000000)
  to   space 76800K, 0% used [0x00000007f6a00000,0x00000007f6a00000,0x00000007fb500000)
 ParOldGen       total 848896K, used 688979K [0x00000007a0000000, 0x00000007d3d00000, 0x00000007e0000000)
  object space 848896K, 81% used [0x00000007a0000000,0x00000007ca0d4c60,0x00000007d3d00000)
 PSPermGen       total 429056K, used 220151K [0x0000000760000000, 0x000000077a300000, 0x00000007a0000000)
  object space 429056K, 51% used [0x0000000760000000,0x000000076d6fddd0,0x000000077a300000)
}
Event: 89.926 GC heap before
{Heap before GC invocations=44 (full 3):
 PSYoungGen      total 435200K, used 391783K [0x00000007e0000000, 0x0000000800000000, 0x0000000800000000)
  eden space 370688K, 100% used [0x00000007e0000000,0x00000007f6a00000,0x00000007f6a00000)
  from space 64512K, 32% used [0x00000007fc100000,0x00000007fd599cd0,0x0000000800000000)
  to   space 76800K, 0% used [0x00000007f6a00000,0x00000007f6a00000,0x00000007fb500000)
 ParOldGen       total 848896K, used 688979K [0x00000007a0000000, 0x00000007d3d00000, 0x00000007e0000000)
  object space 848896K, 81% used [0x00000007a0000000,0x00000007ca0d4c60,0x00000007d3d00000)
 PSPermGen       total 429056K, used 226688K [0x0000000760000000, 0x000000077a300000, 0x00000007a0000000)
  object space 429056K, 52% used [0x0000000760000000,0x000000076dd601b8,0x000000077a300000)
Event: 89.976 GC heap after
Heap after GC invocations=44 (full 3):
 PSYoungGen      total 447488K, used 41860K [0x00000007e0000000, 0x0000000800000000, 0x0000000800000000)
  eden space 370688K, 0% used [0x00000007e0000000,0x00000007e0000000,0x00000007f6a00000)
  from space 76800K, 54% used [0x00000007f6a00000,0x00000007f92e13f0,0x00000007fb500000)
  to   space 74752K, 0% used [0x00000007fb700000,0x00000007fb700000,0x0000000800000000)
 ParOldGen       total 848896K, used 688979K [0x00000007a0000000, 0x00000007d3d00000, 0x00000007e0000000)
  object space 848896K, 81% used [0x00000007a0000000,0x00000007ca0d4c60,0x00000007d3d00000)
 PSPermGen       total 429056K, used 226688K [0x0000000760000000, 0x000000077a300000, 0x00000007a0000000)
  object space 429056K, 52% used [0x0000000760000000,0x000000076dd601b8,0x000000077a300000)
}

